#
# A fatal error has been detected by the Java Runtime Environment:
#
#  EXCEPTION_ACCESS_VIOLATION (0xc0000005) at pc=0x0000000060f71011, pid=12072, tid=0x0000000000002ab8
#
# JRE version: Java(TM) SE Runtime Environment (8.0_131-b11) (build 1.8.0_131-b11)
# Java VM: Java HotSpot(TM) 64-Bit Server VM (25.131-b11 mixed mode windows-amd64 compressed oops)
# Problematic frame:
# V  [jvm.dll+0x401011]
#
# Failed to write core dump. Minidumps are not enabled by default on client versions of Windows
#
# If you would like to submit a bug report, please visit:
#   http://bugreport.java.com/bugreport/crash.jsp
#

---------------  T H R E A D  ---------------

Current thread (0x0000000002dbb800):  GCTaskThread [stack: 0x0000000012f50000,0x0000000013050000] [id=10936]

siginfo: ExceptionCode=0xc0000005, reading address 0x0000000000000008

Registers:
RAX=0x000000000000004b, RBX=0x0000000794399318, RCX=0x0000000000000003, RDX=0x0000000000000001
RSP=0x000000001304f4d0, RBP=0x0000000000000001, RSI=0x0000000019e75580, RDI=0x000000070624a410
R8 =0x0000000000000000, R9 =0x0000000000000000, R10=0x0000000000000008, R11=0x000000079b107dc0
R12=0x000000001226b401, R13=0xf2873268f2873265, R14=0x0000000000000001, R15=0x0000000002db2410
RIP=0x0000000060f71011, EFLAGS=0x0000000000010246

Top of Stack: (sp=0x000000001304f4d0)
0x000000001304f4d0:   00000007944c65f0 0000000000000008
0x000000001304f4e0:   0000000019e75580 000000006138c720
0x000000001304f4f0:   000000079b0ffdd0 0000000000001000
0x000000001304f500:   0000000706249b48 0000000000000400
0x000000001304f510:   0000000000000000 0000000019e75500
0x000000001304f520:   000000001226b401 0000000060f71120
0x000000001304f530:   000000079b10046c 000000001226b481
0x000000001304f540:   0000000019e75580 0000000703c90000
0x000000001304f550:   000000079b10046c 0000000060f71cc5
0x000000001304f560:   0000000793fd78e0 000000001226b481
0x000000001304f570:   0000000019e75580 0000000000000005
0x000000001304f580:   0000000019e75580 0000000002b80000
0x000000001304f590:   00000007039c030c 0000000060c854b7
0x000000001304f5a0:   0000000019e75580 0000000060c836c3
0x000000001304f5b0:   0000000703c4f41d 0000000703c4f41d
0x000000001304f5c0:   0000000703c8ff84 0000000060c854b7 

Instructions: (pc=0x0000000060f71011)
0x0000000060f70ff1:   8b d3 e8 78 f5 d0 ff e9 af 00 00 00 84 d2 74 0c
0x0000000060f71001:   44 8b 4f 08 49 d3 e1 4d 03 c8 eb 04 4c 8b 4f 08
0x0000000060f71011:   41 81 79 08 00 00 00 c0 0f 83 8d 00 00 00 49 8b
0x0000000060f71021:   01 4c 8b c7 48 8b d6 49 8b c9 ff 90 20 01 00 00 


Register to memory mapping:

RAX=0x000000000000004b is an unknown value
RBX=0x0000000794399318 is an unknown value
RCX=0x0000000000000003 is an unknown value
RDX=0x0000000000000001 is an unknown value
RSP=0x000000001304f4d0 is an unknown value
RBP=0x0000000000000001 is an unknown value
RSI=0x0000000019e75580 is an unknown value
RDI=
[error occurred during error reporting (printing register info), id 0xc0000005]

Stack: [0x0000000012f50000,0x0000000013050000],  sp=0x000000001304f4d0,  free space=1021k
Native frames: (J=compiled Java code, j=interpreted, Vv=VM code, C=native code)
V  [jvm.dll+0x401011]
V  [jvm.dll+0x401120]
V  [jvm.dll+0x401cc5]
V  [jvm.dll+0x3f185f]
V  [jvm.dll+0x403cb2]
V  [jvm.dll+0x3f302e]
V  [jvm.dll+0x29cc1a]
C  [msvcr100.dll+0x21d9f]
C  [msvcr100.dll+0x21e3b]
C  [KERNEL32.DLL+0x17bd4]
C  [ntdll.dll+0x6ced1]


---------------  P R O C E S S  ---------------

Java Threads: ( => current thread )
  0x000000001e410000 JavaThread "resolver-5" daemon [_thread_blocked, id=11408, stack(0x00000000220b0000,0x00000000221b0000)]
  0x000000001e411000 JavaThread "resolver-4" daemon [_thread_blocked, id=3604, stack(0x00000000207d0000,0x00000000208d0000)]
  0x000000001e40f800 JavaThread "resolver-3" daemon [_thread_blocked, id=10140, stack(0x000000001f0b0000,0x000000001f1b0000)]
  0x000000001e40a000 JavaThread "resolver-2" daemon [_thread_blocked, id=12268, stack(0x000000001ed60000,0x000000001ee60000)]
  0x000000001e40e000 JavaThread "resolver-1" daemon [_thread_blocked, id=1964, stack(0x00000000010b0000,0x00000000011b0000)]
  0x0000000019f0d000 JavaThread "Service Thread" daemon [_thread_blocked, id=3224, stack(0x000000001bc50000,0x000000001bd50000)]
  0x0000000019eba000 JavaThread "C1 CompilerThread2" daemon [_thread_blocked, id=13000, stack(0x000000001b750000,0x000000001b850000)]
  0x0000000019eb3800 JavaThread "C2 CompilerThread1" daemon [_thread_blocked, id=13652, stack(0x000000001b650000,0x000000001b750000)]
  0x0000000019eb1800 JavaThread "C2 CompilerThread0" daemon [_thread_blocked, id=1052, stack(0x000000001b550000,0x000000001b650000)]
  0x0000000019ead800 JavaThread "Attach Listener" daemon [_thread_blocked, id=7488, stack(0x000000001b450000,0x000000001b550000)]
  0x0000000019eac800 JavaThread "Signal Dispatcher" daemon [_thread_blocked, id=2112, stack(0x000000001b350000,0x000000001b450000)]
  0x0000000019e9a800 JavaThread "Finalizer" daemon [_thread_blocked, id=1868, stack(0x000000001b120000,0x000000001b220000)]
  0x0000000002e93000 JavaThread "Reference Handler" daemon [_thread_blocked, id=4068, stack(0x000000001b020000,0x000000001b120000)]
  0x0000000002bfe000 JavaThread "main" [_thread_blocked, id=13816, stack(0x0000000002ca0000,0x0000000002da0000)]

Other Threads:
  0x0000000019e78000 VMThread [stack: 0x000000001af20000,0x000000001b020000] [id=13644]
  0x000000001b87b000 WatcherThread [stack: 0x000000001bec0000,0x000000001bfc0000] [id=12668]

=>0x0000000002dbb800 (exited) GCTaskThread [stack: 0x0000000012f50000,0x0000000013050000] [id=10936]

VM state:at safepoint (normal execution)

VM Mutex/Monitor currently owned by a thread:  ([mutex/lock_event])
[0x0000000002bfdc40] Threads_lock - owner thread: 0x0000000019e78000
[0x0000000002bfcfc0] Heap_lock - owner thread: 0x0000000002bfe000

Heap:
 PSYoungGen      total 326144K, used 206924K [0x0000000780d00000, 0x000000079cd80000, 0x00000007c0000000)
  eden space 296960K, 59% used [0x0000000780d00000,0x000000078ba97158,0x0000000792f00000)
  from space 29184K, 99% used [0x0000000792f00000,0x0000000794b7c228,0x0000000794b80000)
  to   space 38912K, 46% used [0x000000079a780000,0x000000079b906bc8,0x000000079cd80000)
 ParOldGen       total 102912K, used 67255K [0x0000000702600000, 0x0000000708a80000, 0x0000000780d00000)
  object space 102912K, 65% used [0x0000000702600000,0x00000007067adde8,0x0000000708a80000)
 Metaspace       used 29911K, capacity 30858K, committed 30976K, reserved 1077248K
  class space    used 3329K, capacity 3579K, committed 3584K, reserved 1048576K

Card table byte_map: [0x0000000012260000,0x0000000012850000] byte_map_base: 0x000000000ea4d000

Marking Bits: (ParMarkBitMap*) 0x000000006138c720
 Begin Bits: [0x0000000013050000, 0x0000000015fb8000)
 End Bits:   [0x0000000015fb8000, 0x0000000018f20000)

Polling page: 0x0000000002b50000

CodeCache: size=245760Kb used=25898Kb max_used=26712Kb free=219861Kb
 bounds [0x0000000002ea0000, 0x00000000048e0000, 0x0000000011ea0000]
 total_blobs=6838 nmethods=6401 adapters=348
 compilation: enabled

Compilation events (10 events):
Event: 127.541 Thread 0x0000000019eb3800 nmethod 8163 0x0000000003e26290 code [0x0000000003e26400, 0x0000000003e26aa8]
Event: 127.552 Thread 0x0000000019eba000 8164       3       java.io.PrintWriter::write (9 bytes)
Event: 127.553 Thread 0x0000000019eba000 nmethod 8164 0x00000000042f9a90 code [0x00000000042f9c00, 0x00000000042f9da8]
Event: 127.553 Thread 0x0000000019eba000 8165   !   3       java.io.PrintWriter::write (58 bytes)
Event: 127.553 Thread 0x0000000019eba000 nmethod 8165 0x0000000003821d50 code [0x0000000003821f00, 0x00000000038225a8]
Event: 127.996 Thread 0x0000000019eba000 8166       3       sun.nio.fs.WindowsPathParser::isInvalidPathChar (22 bytes)
Event: 127.996 Thread 0x0000000019eba000 nmethod 8166 0x00000000044f9690 code [0x00000000044f9800, 0x00000000044f9b68]
Event: 128.008 Thread 0x0000000019eba000 8168       3       org.eclipse.sisu.inject.RankedSequence$Content::indexOfThis (31 bytes)
Event: 128.009 Thread 0x0000000019eba000 nmethod 8168 0x00000000044f91d0 code [0x00000000044f9340, 0x00000000044f95b0]
Event: 128.010 Thread 0x0000000019eba000 8167       3       org.eclipse.sisu.inject.InjectorBindings::publishExactMatches (78 bytes)

GC Heap History (10 events):
Event: 8.345 GC heap after
Heap after GC invocations=6 (full 0):
 PSYoungGen      total 212992K, used 9024K [0x0000000780d00000, 0x000000078ee00000, 0x00000007c0000000)
  eden space 196608K, 0% used [0x0000000780d00000,0x0000000780d00000,0x000000078cd00000)
  from space 16384K, 55% used [0x000000078de00000,0x000000078e6d02c0,0x000000078ee00000)
  to   space 16896K, 0% used [0x000000078cd00000,0x000000078cd00000,0x000000078dd80000)
 ParOldGen       total 130048K, used 19954K [0x0000000702600000, 0x000000070a500000, 0x0000000780d00000)
  object space 130048K, 15% used [0x0000000702600000,0x000000070397c8c8,0x000000070a500000)
 Metaspace       used 20588K, capacity 21112K, committed 21296K, reserved 1069056K
  class space    used 2466K, capacity 2623K, committed 2688K, reserved 1048576K
}
Event: 8.346 GC heap before
{Heap before GC invocations=7 (full 1):
 PSYoungGen      total 212992K, used 9024K [0x0000000780d00000, 0x000000078ee00000, 0x00000007c0000000)
  eden space 196608K, 0% used [0x0000000780d00000,0x0000000780d00000,0x000000078cd00000)
  from space 16384K, 55% used [0x000000078de00000,0x000000078e6d02c0,0x000000078ee00000)
  to   space 16896K, 0% used [0x000000078cd00000,0x000000078cd00000,0x000000078dd80000)
 ParOldGen       total 130048K, used 19954K [0x0000000702600000, 0x000000070a500000, 0x0000000780d00000)
  object space 130048K, 15% used [0x0000000702600000,0x000000070397c8c8,0x000000070a500000)
 Metaspace       used 20588K, capacity 21112K, committed 21296K, reserved 1069056K
  class space    used 2466K, capacity 2623K, committed 2688K, reserved 1048576K
Event: 8.474 GC heap after
Heap after GC invocations=7 (full 1):
 PSYoungGen      total 212992K, used 0K [0x0000000780d00000, 0x000000078ee00000, 0x00000007c0000000)
  eden space 196608K, 0% used [0x0000000780d00000,0x0000000780d00000,0x000000078cd00000)
  from space 16384K, 0% used [0x000000078de00000,0x000000078de00000,0x000000078ee00000)
  to   space 16896K, 0% used [0x000000078cd00000,0x000000078cd00000,0x000000078dd80000)
 ParOldGen       total 102912K, used 23004K [0x0000000702600000, 0x0000000708a80000, 0x0000000780d00000)
  object space 102912K, 22% used [0x0000000702600000,0x0000000703c77018,0x0000000708a80000)
 Metaspace       used 20588K, capacity 21112K, committed 21296K, reserved 1069056K
  class space    used 2466K, capacity 2623K, committed 2688K, reserved 1048576K
}
Event: 14.406 GC heap before
{Heap before GC invocations=8 (full 1):
 PSYoungGen      total 212992K, used 196608K [0x0000000780d00000, 0x000000078ee00000, 0x00000007c0000000)
  eden space 196608K, 100% used [0x0000000780d00000,0x000000078cd00000,0x000000078cd00000)
  from space 16384K, 0% used [0x000000078de00000,0x000000078de00000,0x000000078ee00000)
  to   space 16896K, 0% used [0x000000078cd00000,0x000000078cd00000,0x000000078dd80000)
 ParOldGen       total 102912K, used 23004K [0x0000000702600000, 0x0000000708a80000, 0x0000000780d00000)
  object space 102912K, 22% used [0x0000000702600000,0x0000000703c77018,0x0000000708a80000)
 Metaspace       used 23827K, capacity 24424K, committed 24704K, reserved 1071104K
  class space    used 2742K, capacity 2893K, committed 2944K, reserved 1048576K
Event: 14.473 GC heap after
Heap after GC invocations=8 (full 1):
 PSYoungGen      total 213504K, used 16890K [0x0000000780d00000, 0x0000000796400000, 0x00000007c0000000)
  eden space 196608K, 0% used [0x0000000780d00000,0x0000000780d00000,0x000000078cd00000)
  from space 16896K, 99% used [0x000000078cd00000,0x000000078dd7ea50,0x000000078dd80000)
  to   space 25088K, 0% used [0x0000000794b80000,0x0000000794b80000,0x0000000796400000)
 ParOldGen       total 102912K, used 35353K [0x0000000702600000, 0x0000000708a80000, 0x0000000780d00000)
  object space 102912K, 34% used [0x0000000702600000,0x00000007048866c0,0x0000000708a80000)
 Metaspace       used 23827K, capacity 24424K, committed 24704K, reserved 1071104K
  class space    used 2742K, capacity 2893K, committed 2944K, reserved 1048576K
}
Event: 17.678 GC heap before
{Heap before GC invocations=9 (full 1):
 PSYoungGen      total 213504K, used 213498K [0x0000000780d00000, 0x0000000796400000, 0x00000007c0000000)
  eden space 196608K, 100% used [0x0000000780d00000,0x000000078cd00000,0x000000078cd00000)
  from space 16896K, 99% used [0x000000078cd00000,0x000000078dd7ea50,0x000000078dd80000)
  to   space 25088K, 0% used [0x0000000794b80000,0x0000000794b80000,0x0000000796400000)
 ParOldGen       total 102912K, used 35353K [0x0000000702600000, 0x0000000708a80000, 0x0000000780d00000)
  object space 102912K, 34% used [0x0000000702600000,0x00000007048866c0,0x0000000708a80000)
 Metaspace       used 24401K, capacity 25126K, committed 25344K, reserved 1071104K
  class space    used 2798K, capacity 2953K, committed 3072K, reserved 1048576K
Event: 17.715 GC heap after
Heap after GC invocations=9 (full 1):
 PSYoungGen      total 322048K, used 25084K [0x0000000780d00000, 0x0000000796800000, 0x00000007c0000000)
  eden space 296960K, 0% used [0x0000000780d00000,0x0000000780d00000,0x0000000792f00000)
  from space 25088K, 99% used [0x0000000794b80000,0x00000007963ff2b8,0x0000000796400000)
  to   space 29184K, 0% used [0x0000000792f00000,0x0000000792f00000,0x0000000794b80000)
 ParOldGen       total 102912K, used 35925K [0x0000000702600000, 0x0000000708a80000, 0x0000000780d00000)
  object space 102912K, 34% used [0x0000000702600000,0x0000000704915580,0x0000000708a80000)
 Metaspace       used 24401K, capacity 25126K, committed 25344K, reserved 1071104K
  class space    used 2798K, capacity 2953K, committed 3072K, reserved 1048576K
}
Event: 25.240 GC heap before
{Heap before GC invocations=10 (full 1):
 PSYoungGen      total 322048K, used 322044K [0x0000000780d00000, 0x0000000796800000, 0x00000007c0000000)
  eden space 296960K, 100% used [0x0000000780d00000,0x0000000792f00000,0x0000000792f00000)
  from space 25088K, 99% used [0x0000000794b80000,0x00000007963ff2b8,0x0000000796400000)
  to   space 29184K, 0% used [0x0000000792f00000,0x0000000792f00000,0x0000000794b80000)
 ParOldGen       total 102912K, used 35925K [0x0000000702600000, 0x0000000708a80000, 0x0000000780d00000)
  object space 102912K, 34% used [0x0000000702600000,0x0000000704915580,0x0000000708a80000)
 Metaspace       used 26402K, capacity 27174K, committed 27264K, reserved 1073152K
  class space    used 2954K, capacity 3145K, committed 3200K, reserved 1048576K
Event: 25.296 GC heap after
Heap after GC invocations=10 (full 1):
 PSYoungGen      total 326144K, used 29168K [0x0000000780d00000, 0x000000079cd80000, 0x00000007c0000000)
  eden space 296960K, 0% used [0x0000000780d00000,0x0000000780d00000,0x0000000792f00000)
  from space 29184K, 99% used [0x0000000792f00000,0x0000000794b7c228,0x0000000794b80000)
  to   space 38912K, 0% used [0x000000079a780000,0x000000079a780000,0x000000079cd80000)
 ParOldGen       total 102912K, used 50319K [0x0000000702600000, 0x0000000708a80000, 0x0000000780d00000)
  object space 102912K, 48% used [0x0000000702600000,0x0000000705723c98,0x0000000708a80000)
 Metaspace       used 26402K, capacity 27174K, committed 27264K, reserved 1073152K
  class space    used 2954K, capacity 3145K, committed 3200K, reserved 1048576K
}
Event: 128.010 GC heap before
{Heap before GC invocations=11 (full 1):
 PSYoungGen      total 326144K, used 206924K [0x0000000780d00000, 0x000000079cd80000, 0x00000007c0000000)
  eden space 296960K, 59% used [0x0000000780d00000,0x000000078ba97158,0x0000000792f00000)
  from space 29184K, 99% used [0x0000000792f00000,0x0000000794b7c228,0x0000000794b80000)
  to   space 38912K, 0% used [0x000000079a780000,0x000000079a780000,0x000000079cd80000)
 ParOldGen       total 102912K, used 50319K [0x0000000702600000, 0x0000000708a80000, 0x0000000780d00000)
  object space 102912K, 48% used [0x0000000702600000,0x0000000705723c98,0x0000000708a80000)
 Metaspace       used 29911K, capacity 30858K, committed 30976K, reserved 1077248K
  class space    used 3329K, capacity 3579K, committed 3584K, reserved 1048576K

Deoptimization events (10 events):
Event: 127.486 Thread 0x0000000020ed4800 Uncommon trap: reason=unstable_if action=reinterpret pc=0x00000000044fafc0 method=org.apache.maven.plugin.surefire.report.StatelessXmlReporter.isIllegalEscape(I)Z @ 7
Event: 127.486 Thread 0x0000000020ed4800 Uncommon trap: reason=unstable_if action=reinterpret pc=0x0000000003d2f480 method=org.apache.maven.plugin.surefire.report.StatelessXmlReporter.isIllegalEscape(I)Z @ 7
Event: 127.502 Thread 0x0000000020ed4800 Uncommon trap: reason=unstable_if action=reinterpret pc=0x0000000003014734 method=sun.nio.cs.StreamEncoder.write([CII)V @ 49
Event: 127.510 Thread 0x0000000020ed4800 Uncommon trap: reason=unstable_if action=reinterpret pc=0x00000000042faaa0 method=java.io.BufferedOutputStream.write(I)V @ 9
Event: 127.513 Thread 0x0000000020ed4800 Uncommon trap: reason=unstable_if action=reinterpret pc=0x00000000043c3c40 method=org.apache.maven.plugin.surefire.report.StatelessXmlReporter.isIllegalEscape(I)Z @ 1
Event: 127.516 Thread 0x0000000020ed4800 Uncommon trap: reason=unstable_if action=reinterpret pc=0x00000000041403c8 method=org.apache.maven.plugin.surefire.report.StatelessXmlReporter.isIllegalEscape(I)Z @ 1
Event: 128.009 Thread 0x0000000002bfe000 Uncommon trap: reason=class_check action=maybe_recompile pc=0x00000000040e7d78 method=java.lang.AbstractStringBuilder.append(Ljava/lang/CharSequence;)Ljava/lang/AbstractStringBuilder; @ 37
Event: 128.010 Thread 0x0000000002bfe000 Uncommon trap: reason=class_check action=maybe_recompile pc=0x00000000040e7d78 method=java.lang.AbstractStringBuilder.append(Ljava/lang/CharSequence;)Ljava/lang/AbstractStringBuilder; @ 37
Event: 128.010 Thread 0x0000000002bfe000 Uncommon trap: reason=class_check action=maybe_recompile pc=0x00000000040e7d78 method=java.lang.AbstractStringBuilder.append(Ljava/lang/CharSequence;)Ljava/lang/AbstractStringBuilder; @ 37
Event: 128.010 Thread 0x0000000002bfe000 Uncommon trap: reason=class_check action=maybe_recompile pc=0x00000000040e7d78 method=java.lang.AbstractStringBuilder.append(Ljava/lang/CharSequence;)Ljava/lang/AbstractStringBuilder; @ 37

Internal exceptions (10 events):
Event: 16.331 Thread 0x0000000002bfe000 Implicit null exception at 0x0000000003e4a75d to 0x0000000003e4b479
Event: 20.991 Thread 0x0000000002bfe000 Implicit null exception at 0x0000000003c75c4c to 0x0000000003c75c6b
Event: 25.797 Thread 0x0000000002bfe000 Exception <a 'java/io/FileNotFoundException'> (0x0000000781fbcf78) thrown at [C:\re\workspace\8-2-build-windows-amd64-cygwin\jdk8u131\8869\hotspot\src\share\vm\prims\jni.cpp, line 709]
Event: 25.799 Thread 0x0000000002bfe000 Exception <a 'java/io/FileNotFoundException'> (0x0000000781fbea30) thrown at [C:\re\workspace\8-2-build-windows-amd64-cygwin\jdk8u131\8869\hotspot\src\share\vm\prims\jni.cpp, line 709]
Event: 28.844 Thread 0x0000000002bfe000 Implicit null exception at 0x00000000040feb8c to 0x00000000040febcd
Event: 29.229 Thread 0x0000000002bfe000 Exception <a 'java/lang/NoSuchMethodError': org.apache.maven.execution.MavenExecutionRequest.getFailureBehavior()Ljava/lang/String;> (0x000000078674b488) thrown at [C:\re\workspace\8-2-build-windows-amd64-cygwin\jdk8u131\8869\hotspot\src\share\vm\interpre
Event: 30.120 Thread 0x0000000002bfe000 Implicit null exception at 0x000000000367aa5b to 0x000000000367afb5
Event: 127.423 Thread 0x0000000020ed4800 Implicit null exception at 0x00000000046cf2f5 to 0x00000000046cf4bc
Event: 127.991 Thread 0x0000000002bfe000 Exception <a 'sun/nio/fs/WindowsException'> (0x0000000789c64450) thrown at [C:\re\workspace\8-2-build-windows-amd64-cygwin\jdk8u131\8869\hotspot\src\share\vm\prims\jni.cpp, line 709]
Event: 127.991 Thread 0x0000000002bfe000 Exception <a 'java/lang/reflect/InvocationTargetException'> (0x0000000789c64d58) thrown at [C:\re\workspace\8-2-build-windows-amd64-cygwin\jdk8u131\8869\hotspot\src\share\vm\runtime\reflection.cpp, line 1092]

Events (10 events):
Event: 128.010 Thread 0x0000000002bfe000 DEOPT PACKING pc=0x00000000040e7d78 sp=0x0000000002d9de80
Event: 128.010 Thread 0x0000000019eba000 flushing nmethod 0x000000000317d210
Event: 128.010 Thread 0x0000000002bfe000 DEOPT UNPACKING pc=0x0000000002ee582a sp=0x0000000002d9de70 mode 2
Event: 128.010 Thread 0x0000000002bfe000 Uncommon trap: trap_request=0xffffffde fr.pc=0x00000000040e7d78
Event: 128.010 Thread 0x0000000002bfe000 DEOPT PACKING pc=0x00000000040e7d78 sp=0x0000000002d9de80
Event: 128.010 Thread 0x0000000002bfe000 DEOPT UNPACKING pc=0x0000000002ee582a sp=0x0000000002d9de70 mode 2
Event: 128.010 Thread 0x0000000002bfe000 Uncommon trap: trap_request=0xffffffde fr.pc=0x00000000040e7d78
Event: 128.010 Thread 0x0000000002bfe000 DEOPT PACKING pc=0x00000000040e7d78 sp=0x0000000002d9de80
Event: 128.010 Thread 0x0000000002bfe000 DEOPT UNPACKING pc=0x0000000002ee582a sp=0x0000000002d9de70 mode 2
Event: 128.010 Executing VM operation: ParallelGCSystemGC


Dynamic libraries:
0x00007ff7a71e0000 - 0x00007ff7a7217000 	C:\Program Files\Java\jdk1.8.0_131\bin\java.exe
0x00007ff9af500000 - 0x00007ff9af6f0000 	C:\WINDOWS\SYSTEM32\ntdll.dll
0x00007ff9ae960000 - 0x00007ff9aea12000 	C:\WINDOWS\System32\KERNEL32.DLL
0x00007ff9ad110000 - 0x00007ff9ad3b3000 	C:\WINDOWS\System32\KERNELBASE.dll
0x00007ff9ae560000 - 0x00007ff9ae603000 	C:\WINDOWS\System32\ADVAPI32.dll
0x00007ff9aedb0000 - 0x00007ff9aee4e000 	C:\WINDOWS\System32\msvcrt.dll
0x00007ff9adfe0000 - 0x00007ff9ae077000 	C:\WINDOWS\System32\sechost.dll
0x00007ff9ae2f0000 - 0x00007ff9ae410000 	C:\WINDOWS\System32\RPCRT4.dll
0x00007ff9ae080000 - 0x00007ff9ae214000 	C:\WINDOWS\System32\USER32.dll
0x00007ff9ad0e0000 - 0x00007ff9ad101000 	C:\WINDOWS\System32\win32u.dll
0x00007ff9ae7a0000 - 0x00007ff9ae7c6000 	C:\WINDOWS\System32\GDI32.dll
0x00007ff9acdf0000 - 0x00007ff9acf84000 	C:\WINDOWS\System32\gdi32full.dll
0x00007ff9ad3c0000 - 0x00007ff9ad45e000 	C:\WINDOWS\System32\msvcp_win.dll
0x00007ff9ac570000 - 0x00007ff9ac66a000 	C:\WINDOWS\System32\ucrtbase.dll
0x00007ff9ab880000 - 0x00007ff9abb05000 	C:\WINDOWS\WinSxS\amd64_microsoft.windows.common-controls_6595b64144ccf1df_6.0.18362.535_none_e6c3b34713100821\COMCTL32.dll
0x00007ff9ad5b0000 - 0x00007ff9ad8e6000 	C:\WINDOWS\System32\combase.dll
0x00007ff9ad530000 - 0x00007ff9ad5b0000 	C:\WINDOWS\System32\bcryptPrimitives.dll
0x00007ff9aefb0000 - 0x00007ff9aefde000 	C:\WINDOWS\System32\IMM32.DLL
0x0000000060a90000 - 0x0000000060b62000 	C:\Program Files\Java\jdk1.8.0_131\jre\bin\msvcr100.dll
0x0000000060b70000 - 0x000000006140c000 	C:\Program Files\Java\jdk1.8.0_131\jre\bin\server\jvm.dll
0x00007ff9aefe0000 - 0x00007ff9aefe8000 	C:\WINDOWS\System32\PSAPI.DLL
0x00007ff9a9860000 - 0x00007ff9a9884000 	C:\WINDOWS\SYSTEM32\WINMM.dll
0x00007ff9aa0a0000 - 0x00007ff9aa0aa000 	C:\WINDOWS\SYSTEM32\VERSION.dll
0x00007ff9a9920000 - 0x00007ff9a9929000 	C:\WINDOWS\SYSTEM32\WSOCK32.dll
0x00007ff9aea30000 - 0x00007ff9aea9f000 	C:\WINDOWS\System32\WS2_32.dll
0x00007ff9a9800000 - 0x00007ff9a982d000 	C:\WINDOWS\SYSTEM32\winmmbase.dll
0x00007ff9ad480000 - 0x00007ff9ad4ca000 	C:\WINDOWS\System32\cfgmgr32.dll
0x0000000060a40000 - 0x0000000060a4f000 	C:\Program Files\Java\jdk1.8.0_131\jre\bin\verify.dll
0x0000000060a10000 - 0x0000000060a39000 	C:\Program Files\Java\jdk1.8.0_131\jre\bin\java.dll
0x00000000609f0000 - 0x0000000060a06000 	C:\Program Files\Java\jdk1.8.0_131\jre\bin\zip.dll
0x00007ff9ad8f0000 - 0x00007ff9adfd5000 	C:\WINDOWS\System32\SHELL32.dll
0x00007ff9ae6f0000 - 0x00007ff9ae799000 	C:\WINDOWS\System32\shcore.dll
0x00007ff9ac670000 - 0x00007ff9acdef000 	C:\WINDOWS\System32\windows.storage.dll
0x00007ff9ac400000 - 0x00007ff9ac41f000 	C:\WINDOWS\System32\profapi.dll
0x00007ff9ac440000 - 0x00007ff9ac48a000 	C:\WINDOWS\System32\powrprof.dll
0x00007ff9ac3d0000 - 0x00007ff9ac3e0000 	C:\WINDOWS\System32\UMPDC.dll
0x00007ff9ae290000 - 0x00007ff9ae2e2000 	C:\WINDOWS\System32\shlwapi.dll
0x00007ff9ac420000 - 0x00007ff9ac431000 	C:\WINDOWS\System32\kernel.appcore.dll
0x00007ff9ad460000 - 0x00007ff9ad477000 	C:\WINDOWS\System32\cryptsp.dll
0x00000000609d0000 - 0x00000000609ea000 	C:\Program Files\Java\jdk1.8.0_131\jre\bin\net.dll
0x00007ff9ab560000 - 0x00007ff9ab5c7000 	C:\WINDOWS\system32\mswsock.dll
0x00000000609b0000 - 0x00000000609c1000 	C:\Program Files\Java\jdk1.8.0_131\jre\bin\nio.dll
0x0000000060760000 - 0x000000006076d000 	C:\Program Files\Java\jdk1.8.0_131\jre\bin\management.dll
0x00007ff98ad00000 - 0x00007ff98ad16000 	C:\WINDOWS\system32\napinsp.dll
0x00007ff98ace0000 - 0x00007ff98acfa000 	C:\WINDOWS\system32\pnrpnsp.dll
0x00007ff9ab300000 - 0x00007ff9ab3ca000 	C:\WINDOWS\SYSTEM32\DNSAPI.dll
0x00007ff9aea20000 - 0x00007ff9aea28000 	C:\WINDOWS\System32\NSI.dll
0x00007ff9ab270000 - 0x00007ff9ab2aa000 	C:\WINDOWS\SYSTEM32\IPHLPAPI.DLL
0x00007ff9a48e0000 - 0x00007ff9a48ee000 	C:\WINDOWS\System32\winrnr.dll
0x00007ff9a7ea0000 - 0x00007ff9a7ebc000 	C:\WINDOWS\system32\NLAapi.dll
0x00007ff9a6280000 - 0x00007ff9a6295000 	C:\WINDOWS\system32\wshbth.dll
0x00007ff9a1a70000 - 0x00007ff9a1a7a000 	C:\Windows\System32\rasadhlp.dll
0x00007ff9a2620000 - 0x00007ff9a2697000 	C:\WINDOWS\System32\fwpuclnt.dll
0x00007ff9ac490000 - 0x00007ff9ac4b6000 	C:\WINDOWS\System32\bcrypt.dll
0x00007ff9ab0d0000 - 0x00007ff9ab103000 	C:\WINDOWS\system32\rsaenh.dll
0x00007ff9ac2f0000 - 0x00007ff9ac315000 	C:\WINDOWS\SYSTEM32\USERENV.dll
0x00007ff9ab730000 - 0x00007ff9ab73c000 	C:\WINDOWS\SYSTEM32\CRYPTBASE.dll
0x00007ff9a23d0000 - 0x00007ff9a23e6000 	C:\WINDOWS\SYSTEM32\dhcpcsvc6.DLL
0x00007ff9a1e30000 - 0x00007ff9a1e4c000 	C:\WINDOWS\SYSTEM32\dhcpcsvc.DLL
0x00007ff9abc70000 - 0x00007ff9abe64000 	C:\WINDOWS\SYSTEM32\dbghelp.dll

VM Arguments:
jvm_args: -Dclassworlds.conf=C:\Program Files\NetBeans-11.1\netbeans\java\maven\bin\m2.conf -Dmaven.home=C:\Program Files\NetBeans-11.1\netbeans\java\maven -Dmaven.multiModuleProjectDirectory=C:\Users\lenovo\Documents\NetBeansProjects\GestionTaxeCommune-master 
java_command: org.codehaus.plexus.classworlds.launcher.Launcher -Dmaven.ext.class.path=C:\Program Files\NetBeans-11.1\netbeans\java\maven-nblib\netbeans-eventspy.jar -Dfile.encoding=UTF-8 install
java_class_path (initial): C:\Program Files\NetBeans-11.1\netbeans\java\maven\boot\plexus-classworlds-2.5.2.jar
Launcher Type: SUN_STANDARD

Environment Variables:
JAVA_HOME=C:\Program Files\Java\jdk1.8.0_131
PATH=C:\Program Files (x86)\Common Files\Oracle\Java\javapath;C:\ProgramData\Oracle\Java\javapath;C:\WINDOWS\system32;C:\WINDOWS;C:\WINDOWS\System32\Wbem;C:\WINDOWS\System32\WindowsPowerShell\v1.0\;D:\Outil\apache-ant-1.10.1-bin\apache-ant-1.10.1\bin;C:\Program Files\dotnet\;C:\Program Files\Microsoft SQL Server\130\Tools\Binn\;C:\Program Files\Microsoft SQL Server\Client SDK\ODBC\130\Tools\Binn\;C:\Program Files (x86)\Microsoft SQL Server\140\Tools\Binn\;C:\Program Files\Microsoft SQL Server\140\Tools\Binn\;C:\Program Files\Microsoft SQL Server\140\DTS\Binn\;C:\WINDOWS\System32\OpenSSH\;C:\Program Files (x86)\Microsoft SQL Server\150\DTS\Binn\;C:\Program Files\Microsoft SQL Server\Client SDK\ODBC\170\Tools\Binn\;C:\hadoop-2.7.6\bin;C:\hadoop-2.7.6\sbin;C:\Users\lenovo\AppData\Local\GitHubDesktop\bin;C:\Users\lenovo\AppData\Local\Microsoft\WindowsApps;C:\hadoop-2.7.6\bin;C:\hadoop-2.7.6\sbin;C:\Users\lenovo\.dotnet\tools
USERNAME=lenovo
OS=Windows_NT
PROCESSOR_IDENTIFIER=Intel64 Family 6 Model 58 Stepping 9, GenuineIntel



---------------  S Y S T E M  ---------------

OS: Windows 10.0 , 64 bit Build 18362 (10.0.18362.329)

CPU:total 4 (initial active 4) (2 cores per cpu, 2 threads per core) family 6 model 58 stepping 9, cmov, cx8, fxsr, mmx, sse, sse2, sse3, ssse3, sse4.1, sse4.2, popcnt, avx, clmul, erms, ht, tsc, tscinvbit, tscinv

Memory: 4k page, physical 12426608k(5883920k free), swap 14654832k(6328392k free)

vm_info: Java HotSpot(TM) 64-Bit Server VM (25.131-b11) for windows-amd64 JRE (1.8.0_131-b11), built on Mar 15 2017 01:23:53 by "java_re" with MS VC++ 10.0 (VS2010)

time: Wed Jan 29 16:53:12 2020
elapsed time: 128 seconds (0d 0h 2m 8s)

