#
# A fatal error has been detected by the Java Runtime Environment:
#
#  EXCEPTION_ACCESS_VIOLATION (0xc0000005) at pc=0x00000000546053db, pid=10452, tid=0x00000000000016c4
#
# JRE version: Java(TM) SE Runtime Environment (8.0_192-b12) (build 1.8.0_192-b12)
# Java VM: Java HotSpot(TM) 64-Bit Server VM (25.192-b12 mixed mode windows-amd64 compressed oops)
# Problematic frame:
# V  [jvm.dll+0x1153db]
#
# Failed to write core dump. Minidumps are not enabled by default on client versions of Windows
#
# If you would like to submit a bug report, please visit:
#   http://bugreport.java.com/bugreport/crash.jsp
#

---------------  T H R E A D  ---------------

Current thread (0x0000000002a73000):  GCTaskThread [stack: 0x0000000012c00000,0x0000000012d00000] [id=5828]

siginfo: ExceptionCode=0xc0000005, reading address 0x0000000000000050

Registers:
RAX=0x0000000012d00000, RBX=0x0000000704088698, RCX=0x0000000000000003, RDX=0x0000000000000001
RSP=0x0000000012cff170, RBP=0x000000070408a68c, RSI=0x0000000019ae50e0, RDI=0x0000000019ae50e0
R8 =0x0000000000000048, R9 =0x00000007c0041080, R10=0x000000000000000c, R11=0x0000000054af6638
R12=0x000000070408a694, R13=0x00000007c0041578, R14=0x00000007c0041580, R15=0x000000070408a680
RIP=0x00000000546053db, EFLAGS=0x0000000000010206

Top of Stack: (sp=0x0000000012cff170)
0x0000000012cff170:   00000007c0041080 000000070408a5f8
0x0000000012cff180:   0000000000000003 000000005470e9d2
0x0000000012cff190:   0000000000000000 0000000002a732a0
0x0000000012cff1a0:   0000000002a704e0 00004135000009c9
0x0000000012cff1b0:   00000000000009dd 00000000548ead40
0x0000000012cff1c0:   000000001a466f38 0000000000000000
0x0000000012cff1d0:   0000000019ae50e0 0000000054b49c58
0x0000000012cff1e0:   00004134000009c9 00004135000009c9
0x0000000012cff1f0:   0000000054d13ce0 0000000000000004
0x0000000012cff200:   0000000700000000 0000000054605239
0x0000000012cff210:   0000000794b1d890 0000000054605476
0x0000000012cff220:   0000000794b1d890 0000000002a704e0
0x0000000012cff230:   0000000002a732b0 0000000002a732a0
0x0000000012cff240:   0000000054b49c58 0000000000000003
0x0000000012cff250:   000000001b88d2f0 0000000000000000
0x0000000012cff260:   0000000019ae50e0 00000000548e872f 

Instructions: (pc=0x00000000546053db)
0x00000000546053bb:   6f 00 84 d2 74 16 44 8b 43 08 8b 0d 9d 24 69 00
0x00000000546053cb:   49 d3 e0 4c 03 05 8b 24 69 00 eb 04 4c 8b 43 08
0x00000000546053db:   45 8b 48 08 45 85 c9 7e 0c 41 f6 c1 01 75 4b 41
0x00000000546053eb:   c1 f9 03 eb 57 79 43 84 d2 41 8b c9 b8 10 00 00 


Register to memory mapping:

RAX=0x0000000012d00000 is an unknown value
RBX=0x0000000704088698 is pointing into object: 0x0000000704088690
java.lang.ref.ReferenceQueue$Lock 
 - klass: 'java/lang/ref/ReferenceQueue$Lock'
RCX=0x0000000000000003 is an unknown value
RDX=0x0000000000000001 is an unknown value
RSP=0x0000000012cff170 is an unknown value
RBP=0x000000070408a68c is pointing into object: 0x000000070408a680
java.util.concurrent.CopyOnWriteArrayList 
 - klass: 'java/util/concurrent/CopyOnWriteArrayList'
RSI=0x0000000019ae50e0 is an unknown value
RDI=0x0000000019ae50e0 is an unknown value
R8 =0x0000000000000048 is an unknown value
R9 =0x00000007c0041080 is pointing into metadata
R10=0x000000000000000c is an unknown value
R11=0x0000000054af6638 is an unknown value
R12=0x000000070408a694 is pointing into object: 0x000000070408a680
java.util.concurrent.CopyOnWriteArrayList 
 - klass: 'java/util/concurrent/CopyOnWriteArrayList'
R13=0x00000007c0041578 is pointing into metadata
R14=0x00000007c0041580 is pointing into metadata
R15=0x000000070408a680 is an oop
java.util.concurrent.CopyOnWriteArrayList 
 - klass: 'java/util/concurrent/CopyOnWriteArrayList'


Stack: [0x0000000012c00000,0x0000000012d00000],  sp=0x0000000012cff170,  free space=1020k
Native frames: (J=compiled Java code, j=interpreted, Vv=VM code, C=native code)
V  [jvm.dll+0x1153db]
V  [jvm.dll+0x3fad40]
V  [jvm.dll+0x3f872f]
V  [jvm.dll+0x3f5b9e]
V  [jvm.dll+0x29f20a]
C  [msvcr100.dll+0x21db7]
C  [msvcr100.dll+0x21e53]
C  [KERNEL32.DLL+0x14034]
C  [ntdll.dll+0x73691]


---------------  P R O C E S S  ---------------

Java Threads: ( => current thread )
  0x000000001fd05000 JavaThread "Thread-7" [_thread_blocked, id=6232, stack(0x0000000023f40000,0x0000000024040000)]
  0x000000001fd0b800 JavaThread "JMX server connection timeout 48" daemon [_thread_blocked, id=7732, stack(0x0000000023b40000,0x0000000023c40000)]
  0x000000001fd0b000 JavaThread "RMI TCP Connection(13)-127.0.0.1" daemon [_thread_in_native, id=9080, stack(0x0000000023a40000,0x0000000023b40000)]
  0x000000001fd03800 JavaThread "DestroyJavaVM" [_thread_blocked, id=5968, stack(0x0000000002950000,0x0000000002a50000)]
  0x000000001fd04000 JavaThread "http-nio-8080-Acceptor" daemon [_thread_blocked, id=10588, stack(0x0000000023140000,0x0000000023240000)]
  0x000000001be46000 JavaThread "Live Reload Server" daemon [_thread_in_native, id=6380, stack(0x0000000021f40000,0x0000000022040000)]
  0x000000001f5ca000 JavaThread "mysql-cj-abandoned-connection-cleanup" daemon [_thread_blocked, id=11416, stack(0x0000000020740000,0x0000000020840000)]
  0x000000001ddaa800 JavaThread "RMI Scheduler(0)" daemon [_thread_blocked, id=12312, stack(0x000000001ef70000,0x000000001f070000)]
  0x000000001c03a800 JavaThread "RMI TCP Accept-0" daemon [_thread_in_native, id=3120, stack(0x000000001c730000,0x000000001c830000)]
  0x000000001c010000 JavaThread "RMI TCP Accept-52510" daemon [_thread_in_native, id=6900, stack(0x000000001c630000,0x000000001c730000)]
  0x000000001c006800 JavaThread "RMI TCP Accept-0" daemon [_thread_in_native, id=1996, stack(0x000000001c530000,0x000000001c630000)]
  0x000000001b52a800 JavaThread "Service Thread" daemon [_thread_blocked, id=7984, stack(0x000000001b8f0000,0x000000001b9f0000)]
  0x0000000019b7c000 JavaThread "C1 CompilerThread2" daemon [_thread_blocked, id=9032, stack(0x000000001b3f0000,0x000000001b4f0000)]
  0x0000000019b73800 JavaThread "C2 CompilerThread1" daemon [_thread_blocked, id=5956, stack(0x000000001b2f0000,0x000000001b3f0000)]
  0x0000000019b6f800 JavaThread "C2 CompilerThread0" daemon [_thread_blocked, id=12560, stack(0x000000001b1f0000,0x000000001b2f0000)]
  0x0000000019b6e000 JavaThread "Attach Listener" daemon [_thread_blocked, id=8920, stack(0x000000001b0f0000,0x000000001b1f0000)]
  0x0000000019b6d000 JavaThread "Signal Dispatcher" daemon [_thread_blocked, id=2592, stack(0x000000001aff0000,0x000000001b0f0000)]
  0x0000000019b4d800 JavaThread "Finalizer" daemon [_thread_blocked, id=11452, stack(0x000000001add0000,0x000000001aed0000)]
  0x0000000002b47000 JavaThread "Reference Handler" daemon [_thread_blocked, id=6116, stack(0x000000001acd0000,0x000000001add0000)]

Other Threads:
  0x0000000019b28000 VMThread [stack: 0x000000001abd0000,0x000000001acd0000] [id=4940]
  0x000000001c034000 WatcherThread [stack: 0x000000001c830000,0x000000001c930000] [id=10468]

=>0x0000000002a73000 (exited) GCTaskThread [stack: 0x0000000012c00000,0x0000000012d00000] [id=5828]

VM state:at safepoint (normal execution)

VM Mutex/Monitor currently owned by a thread:  ([mutex/lock_event])
[0x0000000002a54530] Threads_lock - owner thread: 0x0000000019b28000
[0x0000000002a54330] Heap_lock - owner thread: 0x000000001fd05000

heap address: 0x0000000702600000, size: 3034 MB, Compressed Oops mode: Zero based, Oop shift amount: 3
Narrow klass base: 0x0000000000000000, Narrow klass shift: 3
Compressed class space size: 1073741824 Address: 0x00000007c0000000

Heap:
 PSYoungGen      total 351232K, used 10951K [0x0000000780d00000, 0x000000079c900000, 0x00000007c0000000)
  eden space 325120K, 0% used [0x0000000780d00000,0x0000000780d00000,0x0000000794a80000)
  from space 26112K, 41% used [0x0000000794a80000,0x0000000795531c20,0x0000000796400000)
  to   space 25088K, 0% used [0x000000079b080000,0x000000079b080000,0x000000079c900000)
 ParOldGen       total 173568K, used 38796K [0x0000000702600000, 0x000000070cf80000, 0x0000000780d00000)
  object space 173568K, 22% used [0x0000000702600000,0x0000000704be33d0,0x000000070cf80000)
 Metaspace       used 61924K, capacity 65231K, committed 65408K, reserved 1105920K
  class space    used 8799K, capacity 9343K, committed 9344K, reserved 1048576K

Card table byte_map: [0x0000000011f10000,0x0000000012500000] byte_map_base: 0x000000000e6fd000

Marking Bits: (ParMarkBitMap*) 0x0000000054d13ce0
 Begin Bits: [0x0000000012d00000, 0x0000000015c68000)
 End Bits:   [0x0000000015c68000, 0x0000000018bd0000)

Polling page: 0x0000000000d90000

CodeCache: size=245760Kb used=12285Kb max_used=12285Kb free=233474Kb
 bounds [0x0000000002b50000, 0x0000000003760000, 0x0000000011b50000]
 total_blobs=7229 nmethods=6649 adapters=490
 compilation: enabled

Compilation events (10 events):
Event: 814.247 Thread 0x0000000019b7c000 6749       1       java.lang.Thread::getThreadGroup (5 bytes)
Event: 814.247 Thread 0x0000000019b7c000 nmethod 6749 0x0000000003750790 code [0x00000000037508e0, 0x00000000037509f0]
Event: 814.255 Thread 0x0000000019b7c000 6750   !   1       java.net.Socket::isClosed (19 bytes)
Event: 814.255 Thread 0x0000000019b7c000 nmethod 6750 0x0000000003750a50 code [0x0000000003750ba0, 0x0000000003750e50]
Event: 814.749 Thread 0x0000000019b7c000 6751       1       java.net.NetworkInterface::access$000 (5 bytes)
Event: 814.749 Thread 0x0000000019b7c000 nmethod 6751 0x0000000003750f10 code [0x0000000003751060, 0x0000000003751150]
Event: 814.762 Thread 0x0000000019b7c000 6752  s    1       org.apache.catalina.util.LifecycleBase::setStateInternal (144 bytes)
Event: 814.763 Thread 0x0000000019b7c000 nmethod 6752 0x00000000037511d0 code [0x00000000037513a0, 0x0000000003751ac8]
Event: 814.766 Thread 0x0000000019b7c000 6753  s    1       sun.nio.ch.WindowsSelectorImpl$StartLock::startThreads (15 bytes)
Event: 814.766 Thread 0x0000000019b7c000 nmethod 6753 0x0000000003751f10 code [0x0000000003752080, 0x0000000003752328]

GC Heap History (10 events):
Event: 6.818 GC heap after
Heap after GC invocations=10 (full 2):
 PSYoungGen      total 268288K, used 0K [0x0000000780d00000, 0x0000000792880000, 0x00000007c0000000)
  eden space 252928K, 0% used [0x0000000780d00000,0x0000000780d00000,0x0000000790400000)
  from space 15360K, 0% used [0x0000000791580000,0x0000000791580000,0x0000000792480000)
  to   space 17920K, 0% used [0x0000000790400000,0x0000000790400000,0x0000000791580000)
 ParOldGen       total 119808K, used 21363K [0x0000000702600000, 0x0000000709b00000, 0x0000000780d00000)
  object space 119808K, 17% used [0x0000000702600000,0x0000000703adcea0,0x0000000709b00000)
 Metaspace       used 33460K, capacity 35356K, committed 35496K, reserved 1079296K
  class space    used 4522K, capacity 4859K, committed 4864K, reserved 1048576K
}
Event: 10.491 GC heap before
{Heap before GC invocations=11 (full 2):
 PSYoungGen      total 268288K, used 252928K [0x0000000780d00000, 0x0000000792880000, 0x00000007c0000000)
  eden space 252928K, 100% used [0x0000000780d00000,0x0000000790400000,0x0000000790400000)
  from space 15360K, 0% used [0x0000000791580000,0x0000000791580000,0x0000000792480000)
  to   space 17920K, 0% used [0x0000000790400000,0x0000000790400000,0x0000000791580000)
 ParOldGen       total 119808K, used 21363K [0x0000000702600000, 0x0000000709b00000, 0x0000000780d00000)
  object space 119808K, 17% used [0x0000000702600000,0x0000000703adcea0,0x0000000709b00000)
 Metaspace       used 52474K, capacity 55180K, committed 55296K, reserved 1097728K
  class space    used 7423K, capacity 7893K, committed 7936K, reserved 1048576K
Event: 10.520 GC heap after
Heap after GC invocations=11 (full 2):
 PSYoungGen      total 270848K, used 17888K [0x0000000780d00000, 0x0000000797b00000, 0x00000007c0000000)
  eden space 252928K, 0% used [0x0000000780d00000,0x0000000780d00000,0x0000000790400000)
  from space 17920K, 99% used [0x0000000790400000,0x0000000791578068,0x0000000791580000)
  to   space 23552K, 0% used [0x0000000796400000,0x0000000796400000,0x0000000797b00000)
 ParOldGen       total 119808K, used 28849K [0x0000000702600000, 0x0000000709b00000, 0x0000000780d00000)
  object space 119808K, 24% used [0x0000000702600000,0x000000070422c720,0x0000000709b00000)
 Metaspace       used 52474K, capacity 55180K, committed 55296K, reserved 1097728K
  class space    used 7423K, capacity 7893K, committed 7936K, reserved 1048576K
}
Event: 11.914 GC heap before
{Heap before GC invocations=12 (full 2):
 PSYoungGen      total 270848K, used 205022K [0x0000000780d00000, 0x0000000797b00000, 0x00000007c0000000)
  eden space 252928K, 73% used [0x0000000780d00000,0x000000078c3bfa30,0x0000000790400000)
  from space 17920K, 99% used [0x0000000790400000,0x0000000791578068,0x0000000791580000)
  to   space 23552K, 0% used [0x0000000796400000,0x0000000796400000,0x0000000797b00000)
 ParOldGen       total 119808K, used 28849K [0x0000000702600000, 0x0000000709b00000, 0x0000000780d00000)
  object space 119808K, 24% used [0x0000000702600000,0x000000070422c720,0x0000000709b00000)
 Metaspace       used 55996K, capacity 59043K, committed 59160K, reserved 1099776K
  class space    used 7950K, capacity 8459K, committed 8576K, reserved 1048576K
Event: 11.940 GC heap after
Heap after GC invocations=12 (full 2):
 PSYoungGen      total 348672K, used 20622K [0x0000000780d00000, 0x0000000798100000, 0x00000007c0000000)
  eden space 325120K, 0% used [0x0000000780d00000,0x0000000780d00000,0x0000000794a80000)
  from space 23552K, 87% used [0x0000000796400000,0x0000000797823838,0x0000000797b00000)
  to   space 26112K, 0% used [0x0000000794a80000,0x0000000794a80000,0x0000000796400000)
 ParOldGen       total 119808K, used 28857K [0x0000000702600000, 0x0000000709b00000, 0x0000000780d00000)
  object space 119808K, 24% used [0x0000000702600000,0x000000070422e720,0x0000000709b00000)
 Metaspace       used 55996K, capacity 59043K, committed 59160K, reserved 1099776K
  class space    used 7950K, capacity 8459K, committed 8576K, reserved 1048576K
}
Event: 11.940 GC heap before
{Heap before GC invocations=13 (full 3):
 PSYoungGen      total 348672K, used 20622K [0x0000000780d00000, 0x0000000798100000, 0x00000007c0000000)
  eden space 325120K, 0% used [0x0000000780d00000,0x0000000780d00000,0x0000000794a80000)
  from space 23552K, 87% used [0x0000000796400000,0x0000000797823838,0x0000000797b00000)
  to   space 26112K, 0% used [0x0000000794a80000,0x0000000794a80000,0x0000000796400000)
 ParOldGen       total 119808K, used 28857K [0x0000000702600000, 0x0000000709b00000, 0x0000000780d00000)
  object space 119808K, 24% used [0x0000000702600000,0x000000070422e720,0x0000000709b00000)
 Metaspace       used 55996K, capacity 59043K, committed 59160K, reserved 1099776K
  class space    used 7950K, capacity 8459K, committed 8576K, reserved 1048576K
Event: 12.152 GC heap after
Heap after GC invocations=13 (full 3):
 PSYoungGen      total 348672K, used 0K [0x0000000780d00000, 0x0000000798100000, 0x00000007c0000000)
  eden space 325120K, 0% used [0x0000000780d00000,0x0000000780d00000,0x0000000794a80000)
  from space 23552K, 0% used [0x0000000796400000,0x0000000796400000,0x0000000797b00000)
  to   space 26112K, 0% used [0x0000000794a80000,0x0000000794a80000,0x0000000796400000)
 ParOldGen       total 173568K, used 38788K [0x0000000702600000, 0x000000070cf80000, 0x0000000780d00000)
  object space 173568K, 22% used [0x0000000702600000,0x0000000704be13d0,0x000000070cf80000)
 Metaspace       used 55992K, capacity 59037K, committed 59160K, reserved 1099776K
  class space    used 7949K, capacity 8458K, committed 8576K, reserved 1048576K
}
Event: 814.768 GC heap before
{Heap before GC invocations=14 (full 3):
 PSYoungGen      total 348672K, used 323885K [0x0000000780d00000, 0x0000000798100000, 0x00000007c0000000)
  eden space 325120K, 99% used [0x0000000780d00000,0x000000079494b4a0,0x0000000794a80000)
  from space 23552K, 0% used [0x0000000796400000,0x0000000796400000,0x0000000797b00000)
  to   space 26112K, 0% used [0x0000000794a80000,0x0000000794a80000,0x0000000796400000)
 ParOldGen       total 173568K, used 38788K [0x0000000702600000, 0x000000070cf80000, 0x0000000780d00000)
  object space 173568K, 22% used [0x0000000702600000,0x0000000704be13d0,0x000000070cf80000)
 Metaspace       used 61924K, capacity 65231K, committed 65408K, reserved 1105920K
  class space    used 8799K, capacity 9343K, committed 9344K, reserved 1048576K
Event: 814.784 GC heap after
Heap after GC invocations=14 (full 3):
 PSYoungGen      total 351232K, used 10951K [0x0000000780d00000, 0x000000079c900000, 0x00000007c0000000)
  eden space 325120K, 0% used [0x0000000780d00000,0x0000000780d00000,0x0000000794a80000)
  from space 26112K, 41% used [0x0000000794a80000,0x0000000795531c20,0x0000000796400000)
  to   space 25088K, 0% used [0x000000079b080000,0x000000079b080000,0x000000079c900000)
 ParOldGen       total 173568K, used 38796K [0x0000000702600000, 0x000000070cf80000, 0x0000000780d00000)
  object space 173568K, 22% used [0x0000000702600000,0x0000000704be33d0,0x000000070cf80000)
 Metaspace       used 61924K, capacity 65231K, committed 65408K, reserved 1105920K
  class space    used 8799K, capacity 9343K, committed 9344K, reserved 1048576K
}
Event: 814.784 GC heap before
{Heap before GC invocations=15 (full 4):
 PSYoungGen      total 351232K, used 10951K [0x0000000780d00000, 0x000000079c900000, 0x00000007c0000000)
  eden space 325120K, 0% used [0x0000000780d00000,0x0000000780d00000,0x0000000794a80000)
  from space 26112K, 41% used [0x0000000794a80000,0x0000000795531c20,0x0000000796400000)
  to   space 25088K, 0% used [0x000000079b080000,0x000000079b080000,0x000000079c900000)
 ParOldGen       total 173568K, used 38796K [0x0000000702600000, 0x000000070cf80000, 0x0000000780d00000)
  object space 173568K, 22% used [0x0000000702600000,0x0000000704be33d0,0x000000070cf80000)
 Metaspace       used 61924K, capacity 65231K, committed 65408K, reserved 1105920K
  class space    used 8799K, capacity 9343K, committed 9344K, reserved 1048576K

Deoptimization events (0 events):
No events

Classes redefined (0 events):
No events

Internal exceptions (10 events):
Event: 456.011 Thread 0x000000001fd0b000 Exception <a 'java/lang/ClassNotFoundException': org/springframework/boot/actuate/endpoint/jmx/EndpointMBean> (0x000000079026cc58) thrown at [C:\workspace\8-2-build-windows-amd64-cygwin\jdk8u192\11897\hotspot\src\share\vm\classfile\systemDictionary.cpp, l
Event: 456.011 Thread 0x000000001fd0b000 Exception <a 'java/lang/ClassNotFoundException': org/springframework/boot/actuate/endpoint/jmx/DataEndpointMBean> (0x000000079026d1b8) thrown at [C:\workspace\8-2-build-windows-amd64-cygwin\jdk8u192\11897\hotspot\src\share\vm\classfile\systemDictionary.cp
Event: 456.011 Thread 0x000000001fd0b000 Exception <a 'java/lang/ClassNotFoundException': org/springframework/context/support/LiveBeansView> (0x000000079026d700) thrown at [C:\workspace\8-2-build-windows-amd64-cygwin\jdk8u192\11897\hotspot\src\share\vm\classfile\systemDictionary.cpp, line 210]
Event: 456.014 Thread 0x000000001fd0b000 Exception <a 'java/lang/ClassNotFoundException': org/springframework/boot/actuate/endpoint/jmx/EndpointMBean> (0x00000007902e2048) thrown at [C:\workspace\8-2-build-windows-amd64-cygwin\jdk8u192\11897\hotspot\src\share\vm\classfile\systemDictionary.cpp, l
Event: 456.014 Thread 0x000000001fd0b000 Exception <a 'java/lang/ClassNotFoundException': org/springframework/boot/actuate/endpoint/jmx/DataEndpointMBean> (0x00000007902e25a8) thrown at [C:\workspace\8-2-build-windows-amd64-cygwin\jdk8u192\11897\hotspot\src\share\vm\classfile\systemDictionary.cp
Event: 456.014 Thread 0x000000001fd0b000 Exception <a 'java/lang/ClassNotFoundException': org/springframework/context/support/LiveBeansView> (0x00000007902e2af0) thrown at [C:\workspace\8-2-build-windows-amd64-cygwin\jdk8u192\11897\hotspot\src\share\vm\classfile\systemDictionary.cpp, line 210]
Event: 456.014 Thread 0x000000001fd0b000 Exception <a 'java/lang/ClassNotFoundException': org/springframework/boot/actuate/endpoint/jmx/EndpointMBean> (0x00000007902e2e20) thrown at [C:\workspace\8-2-build-windows-amd64-cygwin\jdk8u192\11897\hotspot\src\share\vm\classfile\systemDictionary.cpp, l
Event: 456.014 Thread 0x000000001fd0b000 Exception <a 'java/lang/ClassNotFoundException': org/springframework/boot/actuate/endpoint/jmx/DataEndpointMBean> (0x00000007902e3340) thrown at [C:\workspace\8-2-build-windows-amd64-cygwin\jdk8u192\11897\hotspot\src\share\vm\classfile\systemDictionary.cp
Event: 456.014 Thread 0x000000001fd0b000 Exception <a 'java/lang/ClassNotFoundException': org/springframework/context/support/LiveBeansView> (0x00000007902e3848) thrown at [C:\workspace\8-2-build-windows-amd64-cygwin\jdk8u192\11897\hotspot\src\share\vm\classfile\systemDictionary.cpp, line 210]
Event: 814.766 Thread 0x000000001be45800 Exception <a 'java/lang/InterruptedException': sleep interrupted> (0x000000079472d708) thrown at [C:\workspace\8-2-build-windows-amd64-cygwin\jdk8u192\11897\hotspot\src\share\vm\prims\jvm.cpp, line 3273]

Events (10 events):
Event: 814.766 Executing VM operation: RevokeBias
Event: 814.766 Executing VM operation: RevokeBias done
Event: 814.766 Thread 0x000000001be45800 Thread exited: 0x000000001be45800
Event: 814.767 Executing VM operation: RevokeBias
Event: 814.767 Executing VM operation: RevokeBias done
Event: 814.767 Thread 0x000000001be44800 Thread exited: 0x000000001be44800
Event: 814.767 Executing VM operation: RevokeBias
Event: 814.767 Executing VM operation: RevokeBias done
Event: 814.767 Thread 0x000000001be44000 Thread exited: 0x000000001be44000
Event: 814.768 Executing VM operation: ParallelGCSystemGC


Dynamic libraries:
0x00007ff6f98a0000 - 0x00007ff6f98d7000 	C:\Program Files\Java\jdk1.8.0_192\bin\javaw.exe
0x00007ff82c2c0000 - 0x00007ff82c4a1000 	C:\WINDOWS\SYSTEM32\ntdll.dll
0x00007ff829d20000 - 0x00007ff829dd1000 	C:\WINDOWS\System32\KERNEL32.DLL
0x00007ff828f50000 - 0x00007ff8291c3000 	C:\WINDOWS\System32\KERNELBASE.dll
0x00007ff829c70000 - 0x00007ff829d11000 	C:\WINDOWS\System32\ADVAPI32.dll
0x00007ff82baa0000 - 0x00007ff82bb3e000 	C:\WINDOWS\System32\msvcrt.dll
0x00007ff829840000 - 0x00007ff82989b000 	C:\WINDOWS\System32\sechost.dll
0x00007ff829b10000 - 0x00007ff829c34000 	C:\WINDOWS\System32\RPCRT4.dll
0x00007ff829980000 - 0x00007ff829b10000 	C:\WINDOWS\System32\USER32.dll
0x00007ff829730000 - 0x00007ff829750000 	C:\WINDOWS\System32\win32u.dll
0x00007ff82c260000 - 0x00007ff82c288000 	C:\WINDOWS\System32\GDI32.dll
0x00007ff8291d0000 - 0x00007ff829362000 	C:\WINDOWS\System32\gdi32full.dll
0x00007ff8293f0000 - 0x00007ff82948f000 	C:\WINDOWS\System32\msvcp_win.dll
0x00007ff828690000 - 0x00007ff828788000 	C:\WINDOWS\System32\ucrtbase.dll
0x00007ff809ff0000 - 0x00007ff80a259000 	C:\WINDOWS\WinSxS\amd64_microsoft.windows.common-controls_6595b64144ccf1df_6.0.17134.765_none_fb42a1a930655896\COMCTL32.dll
0x00007ff82be40000 - 0x00007ff82c162000 	C:\WINDOWS\System32\combase.dll
0x00007ff829370000 - 0x00007ff8293ea000 	C:\WINDOWS\System32\bcryptPrimitives.dll
0x00007ff829c40000 - 0x00007ff829c6d000 	C:\WINDOWS\System32\IMM32.DLL
0x0000000054f90000 - 0x0000000055061000 	C:\Program Files\Java\jdk1.8.0_192\jre\bin\msvcr100.dll
0x00000000544f0000 - 0x0000000054d93000 	C:\Program Files\Java\jdk1.8.0_192\jre\bin\server\jvm.dll
0x00007ff82a580000 - 0x00007ff82a588000 	C:\WINDOWS\System32\PSAPI.DLL
0x00007ff825ec0000 - 0x00007ff825ee3000 	C:\WINDOWS\SYSTEM32\WINMM.dll
0x00007ff817380000 - 0x00007ff817389000 	C:\WINDOWS\SYSTEM32\WSOCK32.dll
0x00007ff8195b0000 - 0x00007ff8195ba000 	C:\WINDOWS\SYSTEM32\VERSION.dll
0x00007ff82a450000 - 0x00007ff82a4bc000 	C:\WINDOWS\System32\WS2_32.dll
0x00007ff825db0000 - 0x00007ff825dda000 	C:\WINDOWS\SYSTEM32\winmmbase.dll
0x00007ff829680000 - 0x00007ff8296c9000 	C:\WINDOWS\System32\cfgmgr32.dll
0x00007ff822c10000 - 0x00007ff822c1f000 	C:\Program Files\Java\jdk1.8.0_192\jre\bin\verify.dll
0x00007ff80ccc0000 - 0x00007ff80cce9000 	C:\Program Files\Java\jdk1.8.0_192\jre\bin\java.dll
0x00007ff81c2b0000 - 0x00007ff81c2c6000 	C:\Program Files\Java\jdk1.8.0_192\jre\bin\zip.dll
0x00007ff82a590000 - 0x00007ff82b9d0000 	C:\WINDOWS\System32\SHELL32.dll
0x00007ff82a4d0000 - 0x00007ff82a579000 	C:\WINDOWS\System32\shcore.dll
0x00007ff828790000 - 0x00007ff828e9d000 	C:\WINDOWS\System32\windows.storage.dll
0x00007ff8298c0000 - 0x00007ff829911000 	C:\WINDOWS\System32\shlwapi.dll
0x00007ff828630000 - 0x00007ff828641000 	C:\WINDOWS\System32\kernel.appcore.dll
0x00007ff828670000 - 0x00007ff82868f000 	C:\WINDOWS\System32\profapi.dll
0x00007ff8285d0000 - 0x00007ff82861c000 	C:\WINDOWS\System32\powrprof.dll
0x00007ff828620000 - 0x00007ff82862a000 	C:\WINDOWS\System32\FLTLIB.DLL
0x00007ff81bf10000 - 0x00007ff81bf1d000 	C:\Program Files\Java\jdk1.8.0_192\jre\bin\management.dll
0x00007ff81a560000 - 0x00007ff81a57a000 	C:\Program Files\Java\jdk1.8.0_192\jre\bin\net.dll
0x00007ff827a90000 - 0x00007ff827af6000 	C:\WINDOWS\system32\mswsock.dll
0x00007ff811c00000 - 0x00007ff811c11000 	C:\Program Files\Java\jdk1.8.0_192\jre\bin\nio.dll
0x00007ff8129b0000 - 0x00007ff8129c6000 	C:\WINDOWS\system32\napinsp.dll
0x00007ff812990000 - 0x00007ff8129aa000 	C:\WINDOWS\system32\pnrpnsp.dll
0x00007ff824640000 - 0x00007ff824659000 	C:\WINDOWS\system32\NLAapi.dll
0x00007ff827850000 - 0x00007ff82790e000 	C:\WINDOWS\SYSTEM32\DNSAPI.dll
0x00007ff82c1f0000 - 0x00007ff82c1f8000 	C:\WINDOWS\System32\NSI.dll
0x00007ff827810000 - 0x00007ff827848000 	C:\WINDOWS\SYSTEM32\IPHLPAPI.DLL
0x00007ff81a520000 - 0x00007ff81a52e000 	C:\WINDOWS\System32\winrnr.dll
0x00007ff820700000 - 0x00007ff820715000 	C:\WINDOWS\System32\wshbth.dll
0x00007ff81ba70000 - 0x00007ff81ba7a000 	C:\Windows\System32\rasadhlp.dll
0x00007ff81c790000 - 0x00007ff81c802000 	C:\WINDOWS\System32\fwpuclnt.dll
0x00007ff827e90000 - 0x00007ff827eb5000 	C:\WINDOWS\SYSTEM32\bcrypt.dll
0x00007ff828290000 - 0x00007ff8282a7000 	C:\WINDOWS\SYSTEM32\CRYPTSP.dll
0x00007ff827670000 - 0x00007ff8276a3000 	C:\WINDOWS\system32\rsaenh.dll
0x00007ff8284d0000 - 0x00007ff8284f8000 	C:\WINDOWS\SYSTEM32\USERENV.dll
0x00007ff827c40000 - 0x00007ff827c4b000 	C:\WINDOWS\SYSTEM32\CRYPTBASE.dll
0x00007ff820550000 - 0x00007ff820566000 	C:\WINDOWS\SYSTEM32\dhcpcsvc6.DLL
0x00007ff820510000 - 0x00007ff82052a000 	C:\WINDOWS\SYSTEM32\dhcpcsvc.DLL
0x00007ff8280c0000 - 0x00007ff828289000 	C:\WINDOWS\SYSTEM32\dbghelp.dll

VM Arguments:
jvm_args: -Dcom.sun.management.jmxremote -Dcom.sun.management.jmxremote.port=52510 -Dcom.sun.management.jmxremote.authenticate=false -Dcom.sun.management.jmxremote.ssl=false -Djava.rmi.server.hostname=localhost -Dspring.jmx.enabled=true -Dspring.application.admin.enabled=true -Xverify:none -XX:TieredStopAtLevel=1 -Dfile.encoding=UTF-8 
java_command: gov.tn.taxecommune.TaxeCommuneApplication
java_class_path (initial): C:\Users\GHASSEN\Downloads\GestionTaxeCommune\GestionTaxeCommune\target\classes;C:\Users\GHASSEN\.m2\repository\org\springframework\boot\spring-boot-starter-data-jpa\2.1.6.RELEASE\spring-boot-starter-data-jpa-2.1.6.RELEASE.jar;C:\Users\GHASSEN\.m2\repository\org\springframework\boot\spring-boot-starter-aop\2.1.6.RELEASE\spring-boot-starter-aop-2.1.6.RELEASE.jar;C:\Users\GHASSEN\.m2\repository\org\aspectj\aspectjweaver\1.9.4\aspectjweaver-1.9.4.jar;C:\Users\GHASSEN\.m2\repository\org\springframework\boot\spring-boot-starter-jdbc\2.1.6.RELEASE\spring-boot-starter-jdbc-2.1.6.RELEASE.jar;C:\Users\GHASSEN\.m2\repository\com\zaxxer\HikariCP\3.2.0\HikariCP-3.2.0.jar;C:\Users\GHASSEN\.m2\repository\org\springframework\spring-jdbc\5.1.8.RELEASE\spring-jdbc-5.1.8.RELEASE.jar;C:\Users\GHASSEN\.m2\repository\javax\transaction\javax.transaction-api\1.3\javax.transaction-api-1.3.jar;C:\Users\GHASSEN\.m2\repository\javax\xml\bind\jaxb-api\2.3.1\jaxb-api-2.3.1.jar;C:\Users\GHASSEN\.m2\repository\javax\activation\javax.activation-api\1.2.0\javax.activation-api-1.2.0.jar;C:\Users\GHASSEN\.m2\repository\org\hibernate\hibernate-core\5.3.10.Final\hibernate-core-5.3.10.Final.jar;C:\Users\GHASSEN\.m2\repository\org\jboss\logging\jboss-logging\3.3.2.Final\jboss-logging-3.3.2.Final.jar;C:\Users\GHASSEN\.m2\repository\javax\persistence\javax.persistence-api\2.2\javax.persistence-api-2.2.jar;C:\Users\GHASSEN\.m2\repository\org\javassist\javassist\3.23.2-GA\javassist-3.23.2-GA.jar;C:\Users\GHASSEN\.m2\repository\net\bytebuddy\byte-buddy\1.9.13\byte-buddy-1.9.13.jar;C:\Users\GHASSEN\.m2\repository\antlr\antlr\2.7.7\antlr-2.7.7.jar;C:\Users\GHASSEN\.m2\repository\org\jboss\jandex\2.0.5.Final\jandex-2.0.5.Final.jar;C:\Users\GHASSEN\.m2\repository\com\fasterxml\classmate\1.4.0\classmate-1.4.0.jar;C:\Users\GHASSEN\.m2\repository\org\dom4j\dom4j\2.1.1\dom4j-2.1.1.jar;C:\Users\GHASSEN\.m2\repository\org\hibernate\common\hibernate-commons-annotations\5.0.4.Final\hibernate-
Launcher Type: SUN_STANDARD

Environment Variables:
JAVA_HOME=C:\Program Files\Java\jdk1.8.0_192
USERNAME=GHASSEN
OS=Windows_NT
PROCESSOR_IDENTIFIER=Intel64 Family 6 Model 58 Stepping 9, GenuineIntel



---------------  S Y S T E M  ---------------

OS: Windows 10.0 , 64 bit Build 17134 (10.0.17134.753)

CPU:total 4 (initial active 4) (2 cores per cpu, 2 threads per core) family 6 model 58 stepping 9, cmov, cx8, fxsr, mmx, sse, sse2, sse3, ssse3, sse4.1, sse4.2, popcnt, avx, clmul, erms, ht, tsc, tscinvbit, tscinv

Memory: 4k page, physical 12426660k(6530156k free), swap 13360284k(4014964k free)

vm_info: Java HotSpot(TM) 64-Bit Server VM (25.192-b12) for windows-amd64 JRE (1.8.0_192-b12), built on Oct  6 2018 17:12:23 by "java_re" with MS VC++ 10.0 (VS2010)

time: Fri Jul 12 00:04:40 2019
timezone: Afr. centrale Ouest
elapsed time: 814 seconds (0d 0h 13m 34s)

